<?xml version="1.0" encoding="UTF-8"?>
<!-- Generated by org.testng.reporters.JUnitReportReporter -->
<testsuite hostname="LAPTOP-URC0MPI4" failures="0" tests="2" name="demo.Amazon" time="58.460" errors="0" timestamp="2023-09-05T19:51:25 IST" skipped="0">
  <testcase classname="demo.Amazon" name="testUsingJsonData" time="26.438"/>
  <system-out/>
  <testcase classname="demo.Amazon" name="testUsingJsonData" time="32.022"/>
  <system-out/>
</testsuite> <!-- demo.Amazon -->
