<?xml version="1.0" encoding="UTF-8"?>
<!-- Generated by org.testng.reporters.JUnitReportReporter -->
<testsuite hostname="LAPTOP-URC0MPI4" failures="0" tests="3" name="demo.Amazon2" time="81.160" errors="0" timestamp="2023-09-05T19:51:25 IST" skipped="0">
  <testcase classname="demo.Amazon2" name="testUsingExcelData" time="27.533"/>
  <system-out/>
  <testcase classname="demo.Amazon2" name="testUsingExcelData" time="28.461"/>
  <system-out/>
  <testcase classname="demo.Amazon2" name="testUsingExcelData" time="25.166"/>
  <system-out/>
</testsuite> <!-- demo.Amazon2 -->
