<?xml version="1.0" encoding="UTF-8"?>
<!-- Generated by org.testng.reporters.JUnitReportReporter -->
<testsuite hostname="LAPTOP-URC0MPI4" failures="0" tests="1" name="demo.SortingFeature" time="6.851" errors="0" timestamp="2023-09-05T19:51:25 IST" skipped="0">
  <testcase classname="demo.SortingFeature" name="sorts" time="6.851"/>
  <system-out/>
</testsuite> <!-- demo.SortingFeature -->
