<?xml version="1.0" encoding="UTF-8"?>
<!-- Generated by org.testng.reporters.JUnitReportReporter -->
<testsuite hostname="LAPTOP-URC0MPI4" failures="0" tests="2" name="demo.Flipkart" time="30.553" errors="0" timestamp="2023-05-11T21:33:33 IST" skipped="0">
  <testcase classname="demo.Flipkart" name="search" time="9.547"/>
  <system-out/>
  <testcase classname="demo.Flipkart" name="search" time="21.006"/>
  <system-out/>
</testsuite> <!-- demo.Flipkart -->
