<?xml version="1.0" encoding="UTF-8"?>
<!-- Generated by org.testng.reporters.JUnitReportReporter -->
<testsuite hostname="LAPTOP-URC0MPI4" failures="0" tests="2" name="demo.Amazon" time="41.200" errors="0" timestamp="2023-08-18T17:40:10 IST" skipped="0">
  <testcase classname="demo.Amazon" name="search" time="20.489"/>
  <system-out/>
  <testcase classname="demo.Amazon" name="search" time="20.711"/>
  <system-out/>
</testsuite> <!-- demo.Amazon -->
