<?xml version="1.0" encoding="UTF-8"?>
<!-- Generated by org.testng.reporters.JUnitReportReporter -->
<testsuite hostname="LAPTOP-URC0MPI4" failures="0" tests="1" name="demo.ErrorValidation" time="6.470" errors="0" timestamp="2023-08-18T17:40:10 IST" skipped="0">
  <testcase classname="demo.ErrorValidation" name="search" time="6.470"/>
  <system-out/>
</testsuite> <!-- demo.ErrorValidation -->
