<?xml version="1.0" encoding="UTF-8"?>
<!-- Generated by org.testng.reporters.JUnitReportReporter -->
<testsuite hostname="LAPTOP-URC0MPI4" failures="0" tests="3" name="demo.Amazon2" time="60.547" errors="0" timestamp="2023-08-18T17:40:10 IST" skipped="0">
  <testcase classname="demo.Amazon2" name="search" time="19.669"/>
  <system-out/>
  <testcase classname="demo.Amazon2" name="search" time="20.947"/>
  <system-out/>
  <testcase classname="demo.Amazon2" name="search" time="19.931"/>
  <system-out/>
</testsuite> <!-- demo.Amazon2 -->
